Using pre-set license
Built from '2020.3/staging' branch; Version is '2020.3.26f1 (7298b473bc1a) revision 7510196'; Using compiler version '192528614'; Build Type 'Release'
OS: 'Windows 11  (10.0.22000) 64bit Core' Language: 'ko' Physical Memory: 16108 MB
BatchMode: 1, IsHumanControllingUs: 0, StartBugReporterOnCrash: 0, Is64bit: 1, IsPro: 0

COMMAND LINE ARGUMENTS:
D:\Unity\Hub\Editor\2020.3.26f1\Editor\Unity.exe
-adb2
-batchMode
-noUpm
-name
AssetImportWorker0
-projectPath
C:/Users/aer56/AppData/Local/Temp/0406b183517a58e41a74ab397d3d0118
-logFile
Logs/AssetImportWorker0.log
-srvPort
10702
Successfully changed project path to: C:/Users/aer56/AppData/Local/Temp/0406b183517a58e41a74ab397d3d0118
C:/Users/aer56/AppData/Local/Temp/0406b183517a58e41a74ab397d3d0118
Using Asset Import Pipeline V2.
Refreshing native plugins compatible for Editor in 61.44 ms, found 2 plugins.
Preloading 0 native plugins for Editor in 0.00 ms.
Initialize engine version: 2020.3.26f1 (7298b473bc1a)
[Subsystems] Discovering subsystems at path D:/Unity/Hub/Editor/2020.3.26f1/Editor/Data/Resources/UnitySubsystems
[Subsystems] Discovering subsystems at path C:/Users/aer56/AppData/Local/Temp/0406b183517a58e41a74ab397d3d0118/Assets
GfxDevice: creating device client; threaded=0
Direct3D:
    Version:  Direct3D 11.0 [level 11.1]
    Renderer: Intel(R) Iris(R) Xe Graphics (ID=0x9a49)
    Vendor:   
    VRAM:     8054 MB
    Driver:   30.0.101.1218
Initialize mono
Mono path[0] = 'D:/Unity/Hub/Editor/2020.3.26f1/Editor/Data/Managed'
Mono path[1] = 'D:/Unity/Hub/Editor/2020.3.26f1/Editor/Data/MonoBleedingEdge/lib/mono/unityjit'
Mono config path = 'D:/Unity/Hub/Editor/2020.3.26f1/Editor/Data/MonoBleedingEdge/etc'
Using monoOptions --debugger-agent=transport=dt_socket,embedding=1,server=y,suspend=n,address=127.0.0.1:56404
Begin MonoManager ReloadAssembly
Registering precompiled unity dll's ...
Register platform support module: D:/Unity/Hub/Editor/2020.3.26f1/Editor/Data/PlaybackEngines/WindowsStandaloneSupport/UnityEditor.WindowsStandalone.Extensions.dll
Registered in 0.001285 seconds.
Native extension for WindowsStandalone target not found
Refreshing native plugins compatible for Editor in 59.09 ms, found 2 plugins.
Preloading 0 native plugins for Editor in 0.00 ms.
Mono: successfully reloaded assembly
- Completed reload, in  0.588 seconds
Domain Reload Profiling:
	ReloadAssembly (588ms)
		BeginReloadAssembly (60ms)
			ExecutionOrderSort (0ms)
			DisableScriptedObjects (0ms)
			BackupInstance (0ms)
			ReleaseScriptingObjects (0ms)
			CreateAndSetChildDomain (1ms)
		EndReloadAssembly (463ms)
			LoadAssemblies (60ms)
			RebuildTransferFunctionScriptingTraits (0ms)
			SetupTypeCache (147ms)
			ReleaseScriptCaches (0ms)
			RebuildScriptCaches (33ms)
			SetupLoadedEditorAssemblies (185ms)
				LogAssemblyErrors (0ms)
				InitializePlatformSupportModulesInManaged (4ms)
				SetLoadedEditorAssemblies (0ms)
				RefreshPlugins (59ms)
				BeforeProcessingInitializeOnLoad (16ms)
				ProcessInitializeOnLoadAttributes (80ms)
				ProcessInitializeOnLoadMethodAttributes (26ms)
				AfterProcessingInitializeOnLoad (0ms)
				EditorAssembliesLoaded (0ms)
			ExecutionOrderSort2 (0ms)
			AwakeInstancesAfterBackupRestoration (0ms)
Platform modules already initialized, skipping
Registering precompiled user dll's ...
Registered in 0.006497 seconds.
Begin MonoManager ReloadAssembly
Native extension for WindowsStandalone target not found
Refreshing native plugins compatible for Editor in 0.54 ms, found 2 plugins.
Preloading 0 native plugins for Editor in 0.00 ms.
Mono: successfully reloaded assembly
- Completed reload, in  1.054 seconds
Domain Reload Profiling:
	ReloadAssembly (1056ms)
		BeginReloadAssembly (138ms)
			ExecutionOrderSort (0ms)
			DisableScriptedObjects (4ms)
			BackupInstance (0ms)
			ReleaseScriptingObjects (0ms)
			CreateAndSetChildDomain (19ms)
		EndReloadAssembly (864ms)
			LoadAssemblies (114ms)
			RebuildTransferFunctionScriptingTraits (0ms)
			SetupTypeCache (288ms)
			ReleaseScriptCaches (0ms)
			RebuildScriptCaches (50ms)
			SetupLoadedEditorAssemblies (332ms)
				LogAssemblyErrors (0ms)
				InitializePlatformSupportModulesInManaged (5ms)
				SetLoadedEditorAssemblies (0ms)
				RefreshPlugins (1ms)
				BeforeProcessingInitializeOnLoad (98ms)
				ProcessInitializeOnLoadAttributes (210ms)
				ProcessInitializeOnLoadMethodAttributes (15ms)
				AfterProcessingInitializeOnLoad (2ms)
				EditorAssembliesLoaded (0ms)
			ExecutionOrderSort2 (0ms)
			AwakeInstancesAfterBackupRestoration (5ms)
Platform modules already initialized, skipping
========================================================================
Worker process is ready to serve import requests
Launched and connected shader compiler UnityShaderCompiler.exe after 0.08 seconds
Refreshing native plugins compatible for Editor in 0.68 ms, found 2 plugins.
Preloading 0 native plugins for Editor in 0.00 ms.
Unloading 1979 Unused Serialized files (Serialized files now loaded: 0)
System memory in use before: 90.8 MB.
System memory in use after: 90.9 MB.

Unloading 43 unused Assets to reduce memory usage. Loaded Objects now: 2399.
Total: 18.591400 ms (FindLiveObjects: 0.147100 ms CreateObjectMapping: 0.049000 ms MarkObjects: 18.300800 ms  DeleteObjects: 0.092200 ms)

AssetImportParameters requested are different than current active one (requested -> active):
  custom:framework-win-MediaFoundation: 216162199b28c13a410421893ffa2e32 -> 
  custom:video-decoder-ogg-theora: a1e56fd34408186e4bbccfd4996cb3dc -> 
  custom:container-muxer-webm: aa71ff27fc2769a1b78a27578f13a17b -> 
  custom:container-demuxer-webm: 4f35f7cbe854078d1ac9338744f61a02 -> 
  custom:container-demuxer-ogg: 62fdf1f143b41e24485cea50d1cbac27 -> 
  custom:video-encoder-webm-vp8: eb34c28f22e8b96e1ab97ce403110664 -> 
  custom:video-decoder-webm-vp8: 9c59270c3fd7afecdb556c50c9e8de78 -> 
  custom:audio-decoder-ogg-vorbis: bf7c407c2cedff20999df2af8eb42d56 -> 
  custom:audio-encoder-webm-vorbis: bf7c407c2cedff20999df2af8eb42d56 -> 
========================================================================
Received Import Request.
  path: Assets/Readme.asset
  artifactKey: Guid(83c2ed844a8c74b779a4c823d16594b1) Importer(815301076,1909f56bfc062723c751e8b465ee728b)
Start importing Assets/Readme.asset using Guid(83c2ed844a8c74b779a4c823d16594b1) Importer(815301076,1909f56bfc062723c751e8b465ee728b)  -> (artifact id: '924a532e88b0d19d3f7be0f9c6238eb6') in 0.037299 seconds 
  Import took 0.040288 seconds .

========================================================================
Received Import Request.
  Time since last request: 125.955623 seconds.
  path: Assets/Creator Kit - FPS/Scenes
  artifactKey: Guid(e4e504f2087e2f7459f85f86374b2ee4) Importer(815301076,1909f56bfc062723c751e8b465ee728b)
Start importing Assets/Creator Kit - FPS/Scenes using Guid(e4e504f2087e2f7459f85f86374b2ee4) Importer(815301076,1909f56bfc062723c751e8b465ee728b)  -> (artifact id: 'dad7a70d4d14cc88882d3b1af443187b') in 0.009045 seconds 
  Import took 0.013949 seconds .

========================================================================
Received Import Request.
  Time since last request: 1.378953 seconds.
  path: Assets/Creator Kit - FPS/Scenes/ExampleScene.unity
  artifactKey: Guid(cf8af1738c3cb4b488b72c399f7898f8) Importer(815301076,1909f56bfc062723c751e8b465ee728b)
Start importing Assets/Creator Kit - FPS/Scenes/ExampleScene.unity using Guid(cf8af1738c3cb4b488b72c399f7898f8) Importer(815301076,1909f56bfc062723c751e8b465ee728b)  -> (artifact id: '05f463ca7b6593dbf7e6cd27707cfff2') in 0.008744 seconds 
  Import took 0.011907 seconds .

========================================================================
Received Prepare
Registering precompiled user dll's ...
Registered in 0.007778 seconds.
Begin MonoManager ReloadAssembly
Native extension for WindowsStandalone target not found
Refreshing native plugins compatible for Editor in 0.55 ms, found 2 plugins.
Preloading 0 native plugins for Editor in 0.00 ms.
Mono: successfully reloaded assembly
- Completed reload, in  0.822 seconds
Domain Reload Profiling:
	ReloadAssembly (823ms)
		BeginReloadAssembly (101ms)
			ExecutionOrderSort (0ms)
			DisableScriptedObjects (5ms)
			BackupInstance (0ms)
			ReleaseScriptingObjects (0ms)
			CreateAndSetChildDomain (30ms)
		EndReloadAssembly (670ms)
			LoadAssemblies (77ms)
			RebuildTransferFunctionScriptingTraits (0ms)
			SetupTypeCache (237ms)
			ReleaseScriptCaches (1ms)
			RebuildScriptCaches (37ms)
			SetupLoadedEditorAssemblies (250ms)
				LogAssemblyErrors (0ms)
				InitializePlatformSupportModulesInManaged (5ms)
				SetLoadedEditorAssemblies (1ms)
				RefreshPlugins (1ms)
				BeforeProcessingInitializeOnLoad (68ms)
				ProcessInitializeOnLoadAttributes (163ms)
				ProcessInitializeOnLoadMethodAttributes (10ms)
				AfterProcessingInitializeOnLoad (1ms)
				EditorAssembliesLoaded (0ms)
			ExecutionOrderSort2 (0ms)
			AwakeInstancesAfterBackupRestoration (5ms)
Platform modules already initialized, skipping
Refreshing native plugins compatible for Editor in 0.49 ms, found 2 plugins.
Preloading 0 native plugins for Editor in 0.00 ms.
Unloading 1937 Unused Serialized files (Serialized files now loaded: 0)
System memory in use before: 87.1 MB.
System memory in use after: 87.2 MB.

Unloading 34 unused Assets to reduce memory usage. Loaded Objects now: 2401.
Total: 2.419100 ms (FindLiveObjects: 0.127900 ms CreateObjectMapping: 0.051000 ms MarkObjects: 2.216600 ms  DeleteObjects: 0.022300 ms)

AssetImportParameters requested are different than current active one (requested -> active):
  custom:framework-win-MediaFoundation: 216162199b28c13a410421893ffa2e32 -> 
  custom:video-decoder-ogg-theora: a1e56fd34408186e4bbccfd4996cb3dc -> 
  custom:container-muxer-webm: aa71ff27fc2769a1b78a27578f13a17b -> 
  custom:container-demuxer-webm: 4f35f7cbe854078d1ac9338744f61a02 -> 
  custom:container-demuxer-ogg: 62fdf1f143b41e24485cea50d1cbac27 -> 
  custom:video-encoder-webm-vp8: eb34c28f22e8b96e1ab97ce403110664 -> 
  custom:video-decoder-webm-vp8: 9c59270c3fd7afecdb556c50c9e8de78 -> 
  custom:audio-decoder-ogg-vorbis: bf7c407c2cedff20999df2af8eb42d56 -> 
  custom:audio-encoder-webm-vorbis: bf7c407c2cedff20999df2af8eb42d56 -> 
========================================================================
Received Import Request.
  Time since last request: 198.961526 seconds.
  path: Assets/Creator Kit - FPS/Scenes/New Scene.unity
  artifactKey: Guid(ceb10ce26fe9d5541a7ac55f26c4864d) Importer(815301076,1909f56bfc062723c751e8b465ee728b)
Start importing Assets/Creator Kit - FPS/Scenes/New Scene.unity using Guid(ceb10ce26fe9d5541a7ac55f26c4864d) Importer(815301076,1909f56bfc062723c751e8b465ee728b)  -> (artifact id: '557f2d2fab83a1863455f94e4e9216fd') in 0.027017 seconds 
  Import took 0.029900 seconds .

========================================================================
Received Import Request.
  Time since last request: 19.852340 seconds.
  path: Assets/Creator Kit - FPS/Prefabs
  artifactKey: Guid(5ace0baa1bb9e344fbb76a7ab4ac42aa) Importer(815301076,1909f56bfc062723c751e8b465ee728b)
Start importing Assets/Creator Kit - FPS/Prefabs using Guid(5ace0baa1bb9e344fbb76a7ab4ac42aa) Importer(815301076,1909f56bfc062723c751e8b465ee728b)  -> (artifact id: 'b3b6a83011737862b698fd2822864252') in 0.010660 seconds 
  Import took 0.014996 seconds .

========================================================================
Received Import Request.
  Time since last request: 4.772339 seconds.
  path: Assets/Creator Kit - FPS/Prefabs/Targets
  artifactKey: Guid(8994fb8bcdce62c4cb6074222fd6acbc) Importer(815301076,1909f56bfc062723c751e8b465ee728b)
Start importing Assets/Creator Kit - FPS/Prefabs/Targets using Guid(8994fb8bcdce62c4cb6074222fd6acbc) Importer(815301076,1909f56bfc062723c751e8b465ee728b)  -> (artifact id: '175e41930d04a6d841b2a63f203223ff') in 0.012457 seconds 
  Import took 0.016090 seconds .

========================================================================
Received Import Request.
  Time since last request: 0.059110 seconds.
  path: Assets/Creator Kit - FPS/Prefabs/Targets/BloodCellTarget.prefab
  artifactKey: Guid(126f10c54fce41d4aa610945f0da1c61) Importer(815301076,1909f56bfc062723c751e8b465ee728b)
Start importing Assets/Creator Kit - FPS/Prefabs/Targets/BloodCellTarget.prefab using Guid(126f10c54fce41d4aa610945f0da1c61) Importer(815301076,1909f56bfc062723c751e8b465ee728b)  -> (artifact id: 'bd33c632211e8392337ba973dc100144') in 0.797774 seconds 
  Import took 0.800994 seconds .

========================================================================
Received Import Request.
  Time since last request: 0.000376 seconds.
  path: Assets/Creator Kit - FPS/Prefabs/Targets/GermSlimeTarget.prefab
  artifactKey: Guid(547e1bb5b288bc14187ab3bdf87891f6) Importer(815301076,1909f56bfc062723c751e8b465ee728b)
Start importing Assets/Creator Kit - FPS/Prefabs/Targets/GermSlimeTarget.prefab using Guid(547e1bb5b288bc14187ab3bdf87891f6) Importer(815301076,1909f56bfc062723c751e8b465ee728b)  -> (artifact id: 'd6e04cf9a27e838cffe9ff8f39488b59') in 0.204406 seconds 
  Import took 0.207601 seconds .

========================================================================
Received Prepare
Registering precompiled user dll's ...
Registered in 0.006633 seconds.
Begin MonoManager ReloadAssembly
Native extension for WindowsStandalone target not found
Refreshing native plugins compatible for Editor in 0.54 ms, found 2 plugins.
Preloading 0 native plugins for Editor in 0.00 ms.
Mono: successfully reloaded assembly
- Completed reload, in  0.844 seconds
Domain Reload Profiling:
	ReloadAssembly (845ms)
		BeginReloadAssembly (99ms)
			ExecutionOrderSort (0ms)
			DisableScriptedObjects (5ms)
			BackupInstance (0ms)
			ReleaseScriptingObjects (0ms)
			CreateAndSetChildDomain (29ms)
		EndReloadAssembly (700ms)
			LoadAssemblies (82ms)
			RebuildTransferFunctionScriptingTraits (0ms)
			SetupTypeCache (234ms)
			ReleaseScriptCaches (1ms)
			RebuildScriptCaches (36ms)
			SetupLoadedEditorAssemblies (271ms)
				LogAssemblyErrors (0ms)
				InitializePlatformSupportModulesInManaged (4ms)
				SetLoadedEditorAssemblies (0ms)
				RefreshPlugins (1ms)
				BeforeProcessingInitializeOnLoad (77ms)
				ProcessInitializeOnLoadAttributes (176ms)
				ProcessInitializeOnLoadMethodAttributes (12ms)
				AfterProcessingInitializeOnLoad (1ms)
				EditorAssembliesLoaded (0ms)
			ExecutionOrderSort2 (0ms)
			AwakeInstancesAfterBackupRestoration (6ms)
Platform modules already initialized, skipping
Refreshing native plugins compatible for Editor in 0.58 ms, found 2 plugins.
Preloading 0 native plugins for Editor in 0.00 ms.
Unloading 1937 Unused Serialized files (Serialized files now loaded: 0)
System memory in use before: 103.7 MB.
System memory in use after: 103.8 MB.

Unloading 34 unused Assets to reduce memory usage. Loaded Objects now: 2411.
Total: 2.887100 ms (FindLiveObjects: 0.112200 ms CreateObjectMapping: 0.033700 ms MarkObjects: 2.699100 ms  DeleteObjects: 0.040700 ms)

AssetImportParameters requested are different than current active one (requested -> active):
  custom:framework-win-MediaFoundation: 216162199b28c13a410421893ffa2e32 -> 
  custom:video-decoder-ogg-theora: a1e56fd34408186e4bbccfd4996cb3dc -> 
  custom:container-muxer-webm: aa71ff27fc2769a1b78a27578f13a17b -> 
  custom:container-demuxer-webm: 4f35f7cbe854078d1ac9338744f61a02 -> 
  custom:container-demuxer-ogg: 62fdf1f143b41e24485cea50d1cbac27 -> 
  custom:video-encoder-webm-vp8: eb34c28f22e8b96e1ab97ce403110664 -> 
  custom:video-decoder-webm-vp8: 9c59270c3fd7afecdb556c50c9e8de78 -> 
  custom:audio-decoder-ogg-vorbis: bf7c407c2cedff20999df2af8eb42d56 -> 
  custom:audio-encoder-webm-vorbis: bf7c407c2cedff20999df2af8eb42d56 -> 
========================================================================
Received Import Request.
  Time since last request: 248.555070 seconds.
  path: Assets/Creator Kit - FPS/Art/Models/Characters/BloodCell.FBX
  artifactKey: Guid(8226672356b74174cbe023b9736222f5) Importer(815301076,1909f56bfc062723c751e8b465ee728b)
Start importing Assets/Creator Kit - FPS/Art/Models/Characters/BloodCell.FBX using Guid(8226672356b74174cbe023b9736222f5) Importer(815301076,1909f56bfc062723c751e8b465ee728b)  -> (artifact id: '0bd1aaebe8f3d966e855dc697ea09d60') in 0.261066 seconds 
  Import took 0.264675 seconds .

========================================================================
Received Import Request.
  Time since last request: 0.000347 seconds.
  path: Assets/Creator Kit - FPS/Art/Models/Characters/GermSlime.FBX
  artifactKey: Guid(a148bf2bf5d309646bda1b56264c815e) Importer(815301076,1909f56bfc062723c751e8b465ee728b)
Start importing Assets/Creator Kit - FPS/Art/Models/Characters/GermSlime.FBX using Guid(a148bf2bf5d309646bda1b56264c815e) Importer(815301076,1909f56bfc062723c751e8b465ee728b)  -> (artifact id: '63b5dc5bac25f38327f7d563fea9ac01') in 0.050428 seconds 
  Import took 0.056006 seconds .

========================================================================
Received Import Request.
  Time since last request: 0.000336 seconds.
  path: Assets/Creator Kit - FPS/Art/Models/Characters/GermSpike.prefab
  artifactKey: Guid(dddeda6d0629a09438dbf97ce84d81fd) Importer(815301076,1909f56bfc062723c751e8b465ee728b)
Start importing Assets/Creator Kit - FPS/Art/Models/Characters/GermSpike.prefab using Guid(dddeda6d0629a09438dbf97ce84d81fd) Importer(815301076,1909f56bfc062723c751e8b465ee728b)  -> (artifact id: 'f2eabf1519d2281e04773272379e16a1') in 0.212111 seconds 
  Import took 0.216899 seconds .

========================================================================
Received Import Request.
  Time since last request: 0.000229 seconds.
  path: Assets/Creator Kit - FPS/Art/Models/Characters/GermSpikeModel.FBX
  artifactKey: Guid(6fd3b5c2df6073f4ea432cc9086b6f00) Importer(815301076,1909f56bfc062723c751e8b465ee728b)
Start importing Assets/Creator Kit - FPS/Art/Models/Characters/GermSpikeModel.FBX using Guid(6fd3b5c2df6073f4ea432cc9086b6f00) Importer(815301076,1909f56bfc062723c751e8b465ee728b)  -> (artifact id: '9b48ee3e313103fcddbb053eb4adf360') in 0.040893 seconds 
  Import took 0.044728 seconds .

========================================================================
Received Prepare
Registering precompiled user dll's ...
Registered in 0.005550 seconds.
Begin MonoManager ReloadAssembly
Native extension for WindowsStandalone target not found
Refreshing native plugins compatible for Editor in 0.56 ms, found 2 plugins.
Preloading 0 native plugins for Editor in 0.00 ms.
Mono: successfully reloaded assembly
- Completed reload, in  0.894 seconds
Domain Reload Profiling:
	ReloadAssembly (894ms)
		BeginReloadAssembly (97ms)
			ExecutionOrderSort (0ms)
			DisableScriptedObjects (4ms)
			BackupInstance (0ms)
			ReleaseScriptingObjects (0ms)
			CreateAndSetChildDomain (30ms)
		EndReloadAssembly (748ms)
			LoadAssemblies (75ms)
			RebuildTransferFunctionScriptingTraits (0ms)
			SetupTypeCache (252ms)
			ReleaseScriptCaches (2ms)
			RebuildScriptCaches (45ms)
			SetupLoadedEditorAssemblies (280ms)
				LogAssemblyErrors (0ms)
				InitializePlatformSupportModulesInManaged (6ms)
				SetLoadedEditorAssemblies (0ms)
				RefreshPlugins (1ms)
				BeforeProcessingInitializeOnLoad (76ms)
				ProcessInitializeOnLoadAttributes (179ms)
				ProcessInitializeOnLoadMethodAttributes (16ms)
				AfterProcessingInitializeOnLoad (2ms)
				EditorAssembliesLoaded (0ms)
			ExecutionOrderSort2 (0ms)
			AwakeInstancesAfterBackupRestoration (7ms)
Platform modules already initialized, skipping
Refreshing native plugins compatible for Editor in 1.01 ms, found 2 plugins.
Preloading 0 native plugins for Editor in 0.00 ms.
Unloading 1937 Unused Serialized files (Serialized files now loaded: 0)
System memory in use before: 104.0 MB.
System memory in use after: 104.1 MB.

Unloading 34 unused Assets to reduce memory usage. Loaded Objects now: 2417.
Total: 2.565900 ms (FindLiveObjects: 0.139200 ms CreateObjectMapping: 0.056900 ms MarkObjects: 2.335800 ms  DeleteObjects: 0.032300 ms)

AssetImportParameters requested are different than current active one (requested -> active):
  custom:framework-win-MediaFoundation: 216162199b28c13a410421893ffa2e32 -> 
  custom:video-decoder-ogg-theora: a1e56fd34408186e4bbccfd4996cb3dc -> 
  custom:container-muxer-webm: aa71ff27fc2769a1b78a27578f13a17b -> 
  custom:container-demuxer-webm: 4f35f7cbe854078d1ac9338744f61a02 -> 
  custom:container-demuxer-ogg: 62fdf1f143b41e24485cea50d1cbac27 -> 
  custom:video-encoder-webm-vp8: eb34c28f22e8b96e1ab97ce403110664 -> 
  custom:video-decoder-webm-vp8: 9c59270c3fd7afecdb556c50c9e8de78 -> 
  custom:audio-decoder-ogg-vorbis: bf7c407c2cedff20999df2af8eb42d56 -> 
  custom:audio-encoder-webm-vorbis: bf7c407c2cedff20999df2af8eb42d56 -> 
========================================================================
Received Import Request.
  Time since last request: 610.693225 seconds.
  path: Assets/Creator Kit - FPS/Art/Models/Door and Key/FatBLob.FBX
  artifactKey: Guid(2a7ec3f8052c0f341be076bd9e1afa2b) Importer(815301076,1909f56bfc062723c751e8b465ee728b)
Start importing Assets/Creator Kit - FPS/Art/Models/Door and Key/FatBLob.FBX using Guid(2a7ec3f8052c0f341be076bd9e1afa2b) Importer(815301076,1909f56bfc062723c751e8b465ee728b)  -> (artifact id: 'bfd26b0c5fb914c4a93f575b031f9166') in 0.285890 seconds 
  Import took 0.290016 seconds .

========================================================================
Received Import Request.
  Time since last request: 0.000318 seconds.
  path: Assets/Creator Kit - FPS/Art/Models/Door and Key/Key.fbx
  artifactKey: Guid(87756933c9860cb42b32bd57ca29ed36) Importer(815301076,1909f56bfc062723c751e8b465ee728b)
Start importing Assets/Creator Kit - FPS/Art/Models/Door and Key/Key.fbx using Guid(87756933c9860cb42b32bd57ca29ed36) Importer(815301076,1909f56bfc062723c751e8b465ee728b)  -> (artifact id: 'b18f035de7bc171515b891860c3dfdf2') in 0.255766 seconds 
  Import took 0.260064 seconds .

========================================================================
Received Import Request.
  Time since last request: 8.550617 seconds.
  path: Assets/Creator Kit - FPS/Art/Prefabs/Props/Acid.prefab
  artifactKey: Guid(64b1837b1cd40d541944cde538b260fe) Importer(815301076,1909f56bfc062723c751e8b465ee728b)
Start importing Assets/Creator Kit - FPS/Art/Prefabs/Props/Acid.prefab using Guid(64b1837b1cd40d541944cde538b260fe) Importer(815301076,1909f56bfc062723c751e8b465ee728b)  -> (artifact id: 'd5eaeedf99cbdf2c24c7fe56f432c7e7') in 0.429469 seconds 
  Import took 0.433311 seconds .

========================================================================
Received Import Request.
  Time since last request: 0.000270 seconds.
  path: Assets/Creator Kit - FPS/Prefabs/Systems/GameSystem.prefab
  artifactKey: Guid(f7a29801ef1207442893876b7560238a) Importer(815301076,1909f56bfc062723c751e8b465ee728b)
Start importing Assets/Creator Kit - FPS/Prefabs/Systems/GameSystem.prefab using Guid(f7a29801ef1207442893876b7560238a) Importer(815301076,1909f56bfc062723c751e8b465ee728b)  -> (artifact id: 'ef023047c218182316aaf68f5768d338') in 0.065813 seconds 
  Import took 0.069604 seconds .

========================================================================
Received Import Request.
  Time since last request: 0.000318 seconds.
  path: Assets/Creator Kit - FPS/Art/Prefabs/Props/FatTunnel.prefab
  artifactKey: Guid(0183aeed358847a43b87f203d28ea1e9) Importer(815301076,1909f56bfc062723c751e8b465ee728b)
Start importing Assets/Creator Kit - FPS/Art/Prefabs/Props/FatTunnel.prefab using Guid(0183aeed358847a43b87f203d28ea1e9) Importer(815301076,1909f56bfc062723c751e8b465ee728b)  -> (artifact id: 'af7c819fa9da25e277ce9e2b742f32dd') in 0.115633 seconds 
  Import took 0.119657 seconds .

========================================================================
Received Import Request.
  Time since last request: 0.000451 seconds.
  path: Assets/Creator Kit - FPS/Art/Prefabs/Props/Bones.prefab
  artifactKey: Guid(3b0426c8d5c1d7c44a389b960164eb6e) Importer(815301076,1909f56bfc062723c751e8b465ee728b)
Start importing Assets/Creator Kit - FPS/Art/Prefabs/Props/Bones.prefab using Guid(3b0426c8d5c1d7c44a389b960164eb6e) Importer(815301076,1909f56bfc062723c751e8b465ee728b)  -> (artifact id: 'f92fafb1ee3db20465987c9540be32a6') in 0.009160 seconds 
  Import took 0.012672 seconds .

========================================================================
Received Import Request.
  Time since last request: 0.000432 seconds.
  path: Assets/Creator Kit - FPS/Art/Prefabs/Props/Bone02.prefab
  artifactKey: Guid(ec691380843541646a7f18b7c7384272) Importer(815301076,1909f56bfc062723c751e8b465ee728b)
Start importing Assets/Creator Kit - FPS/Art/Prefabs/Props/Bone02.prefab using Guid(ec691380843541646a7f18b7c7384272) Importer(815301076,1909f56bfc062723c751e8b465ee728b)  -> (artifact id: 'acf9a090e9e0087a72d48236f700d341') in 0.028105 seconds 
  Import took 0.032628 seconds .

========================================================================
Received Import Request.
  Time since last request: 0.000341 seconds.
  path: Assets/Creator Kit - FPS/Art/Prefabs/Props/Bone03.prefab
  artifactKey: Guid(43f3430572c0c054cb1c4482c24f5e9f) Importer(815301076,1909f56bfc062723c751e8b465ee728b)
Start importing Assets/Creator Kit - FPS/Art/Prefabs/Props/Bone03.prefab using Guid(43f3430572c0c054cb1c4482c24f5e9f) Importer(815301076,1909f56bfc062723c751e8b465ee728b)  -> (artifact id: '14839533ef1c30a6ab5418e62b03fd34') in 0.029780 seconds 
  Import took 0.034081 seconds .

========================================================================
Received Import Request.
  Time since last request: 0.000301 seconds.
  path: Assets/Creator Kit - FPS/Prefabs/Rooms/CorridorV.prefab
  artifactKey: Guid(21a463888965eb14ea0abb606bdbca2b) Importer(815301076,1909f56bfc062723c751e8b465ee728b)
Start importing Assets/Creator Kit - FPS/Prefabs/Rooms/CorridorV.prefab using Guid(21a463888965eb14ea0abb606bdbca2b) Importer(815301076,1909f56bfc062723c751e8b465ee728b)  -> (artifact id: '4bb7d69e9b9c1ea0bbf22459c3ec1fb5') in 0.235501 seconds 
  Import took 0.239135 seconds .

========================================================================
Received Import Request.
  Time since last request: 0.000306 seconds.
  path: Assets/Creator Kit - FPS/Prefabs/Rooms/HeartRoom.prefab
  artifactKey: Guid(b9c7f73cbb9617a4c82234a257216bbf) Importer(815301076,1909f56bfc062723c751e8b465ee728b)
Start importing Assets/Creator Kit - FPS/Prefabs/Rooms/HeartRoom.prefab using Guid(b9c7f73cbb9617a4c82234a257216bbf) Importer(815301076,1909f56bfc062723c751e8b465ee728b)  -> (artifact id: '34d9cf407a254cb207b1ddfa47ee89f2') in 0.074547 seconds 
  Import took 0.080521 seconds .

========================================================================
Received Import Request.
  Time since last request: 0.000476 seconds.
  path: Assets/Creator Kit - FPS/Art/Prefabs/ImpactEffect/ImpactParticle.prefab
  artifactKey: Guid(bb4e6b12de56c2a4f8db55c47797b43c) Importer(815301076,1909f56bfc062723c751e8b465ee728b)
Start importing Assets/Creator Kit - FPS/Art/Prefabs/ImpactEffect/ImpactParticle.prefab using Guid(bb4e6b12de56c2a4f8db55c47797b43c) Importer(815301076,1909f56bfc062723c751e8b465ee728b)  -> (artifact id: 'c237adab4cf599dcd8e65089c97dc6d7') in 0.097690 seconds 
  Import took 0.102919 seconds .

========================================================================
Received Import Request.
  Time since last request: 0.000222 seconds.
  path: Assets/Creator Kit - FPS/Art/Prefabs/Props/Tooth.prefab
  artifactKey: Guid(2947946e8fce6a04e90a006983e11ac0) Importer(815301076,1909f56bfc062723c751e8b465ee728b)
Start importing Assets/Creator Kit - FPS/Art/Prefabs/Props/Tooth.prefab using Guid(2947946e8fce6a04e90a006983e11ac0) Importer(815301076,1909f56bfc062723c751e8b465ee728b)  -> (artifact id: '9d6d02ed524449e103f879fe9bf0b5ff') in 0.023378 seconds 
  Import took 0.027622 seconds .

========================================================================
Received Import Request.
  Time since last request: 0.000322 seconds.
  path: Assets/Creator Kit - FPS/Prefabs/Door and Key/Key.prefab
  artifactKey: Guid(b5efbb971dfd08c458d6074096aacb15) Importer(815301076,1909f56bfc062723c751e8b465ee728b)
Start importing Assets/Creator Kit - FPS/Prefabs/Door and Key/Key.prefab using Guid(b5efbb971dfd08c458d6074096aacb15) Importer(815301076,1909f56bfc062723c751e8b465ee728b)  -> (artifact id: '8e484849e3104b26d8c17898077714d6') in 0.068006 seconds 
  Import took 0.072734 seconds .

========================================================================
Received Import Request.
  Time since last request: 0.000244 seconds.
  path: Assets/Creator Kit - FPS/Art/Prefabs/VFX/PillExplosion.prefab
  artifactKey: Guid(9bba9cf244c53c5439505dfc96fdd11c) Importer(815301076,1909f56bfc062723c751e8b465ee728b)
Start importing Assets/Creator Kit - FPS/Art/Prefabs/VFX/PillExplosion.prefab using Guid(9bba9cf244c53c5439505dfc96fdd11c) Importer(815301076,1909f56bfc062723c751e8b465ee728b)  -> (artifact id: 'e66e0b414955c300853f5a4d7c46feca') in 0.191436 seconds 
  Import took 0.195560 seconds .

========================================================================
Received Import Request.
  Time since last request: 0.000308 seconds.
  path: Assets/Creator Kit - FPS/Art/Prefabs/VFX/LightParticlesCorridors.prefab
  artifactKey: Guid(5e8bfac0a1d67dd408d216db93d536c9) Importer(815301076,1909f56bfc062723c751e8b465ee728b)
Start importing Assets/Creator Kit - FPS/Art/Prefabs/VFX/LightParticlesCorridors.prefab using Guid(5e8bfac0a1d67dd408d216db93d536c9) Importer(815301076,1909f56bfc062723c751e8b465ee728b)  -> (artifact id: '99c07466b0df8c1c3eb133e67eb091c5') in 0.018956 seconds 
  Import took 0.022308 seconds .

========================================================================
Received Import Request.
  Time since last request: 0.000300 seconds.
  path: Assets/Creator Kit - FPS/Art/Prefabs/Props/ToothMolar2.prefab
  artifactKey: Guid(4502ea73c64fc234dba9db5ece178cb2) Importer(815301076,1909f56bfc062723c751e8b465ee728b)
Start importing Assets/Creator Kit - FPS/Art/Prefabs/Props/ToothMolar2.prefab using Guid(4502ea73c64fc234dba9db5ece178cb2) Importer(815301076,1909f56bfc062723c751e8b465ee728b)  -> (artifact id: '0a94f42818d2139d00412aa7ae6ece2c') in 0.029629 seconds 
  Import took 0.033204 seconds .

========================================================================
Received Import Request.
  Time since last request: 0.000357 seconds.
  path: Assets/Creator Kit - FPS/Prefabs/Weapons/Healmatic500.prefab
  artifactKey: Guid(760a5cd9833938442ba8a4b54bfa8148) Importer(815301076,1909f56bfc062723c751e8b465ee728b)
Start importing Assets/Creator Kit - FPS/Prefabs/Weapons/Healmatic500.prefab using Guid(760a5cd9833938442ba8a4b54bfa8148) Importer(815301076,1909f56bfc062723c751e8b465ee728b)  -> (artifact id: '4c8ca2e65a57c458d9d722aa30c8a083') in 0.334255 seconds 
  Import took 0.338131 seconds .

========================================================================
Received Import Request.
  Time since last request: 0.000365 seconds.
  path: Packages/com.unity.analytics/DataPrivacy/DataPrivacyButton.prefab
  artifactKey: Guid(71b11355001648444b41d17fd36c150d) Importer(815301076,1909f56bfc062723c751e8b465ee728b)
Start importing Packages/com.unity.analytics/DataPrivacy/DataPrivacyButton.prefab using Guid(71b11355001648444b41d17fd36c150d) Importer(815301076,1909f56bfc062723c751e8b465ee728b)  -> (artifact id: '29afed4e068a0e8b5a16db570a537112') in 0.018548 seconds 
  Import took 0.023212 seconds .

========================================================================
Received Import Request.
  Time since last request: 0.000316 seconds.
  path: Assets/Creator Kit - FPS/Art/Prefabs/VFX/DustMotesEffect.prefab
  artifactKey: Guid(6df328a8d22763540b6acb2ca49da47e) Importer(815301076,1909f56bfc062723c751e8b465ee728b)
Start importing Assets/Creator Kit - FPS/Art/Prefabs/VFX/DustMotesEffect.prefab using Guid(6df328a8d22763540b6acb2ca49da47e) Importer(815301076,1909f56bfc062723c751e8b465ee728b)  -> (artifact id: '659aa3b6183d11fdfd976c5c07bd9fb7') in 0.017053 seconds 
  Import took 0.022381 seconds .

========================================================================
Received Import Request.
  Time since last request: 0.000237 seconds.
  path: Assets/Creator Kit - FPS/Prefabs/Rooms/CorridorMedium.prefab
  artifactKey: Guid(905396a8b049c0548828753382b185ff) Importer(815301076,1909f56bfc062723c751e8b465ee728b)
Start importing Assets/Creator Kit - FPS/Prefabs/Rooms/CorridorMedium.prefab using Guid(905396a8b049c0548828753382b185ff) Importer(815301076,1909f56bfc062723c751e8b465ee728b)  -> (artifact id: '33dca5625c3c386301467c2575f91e9c') in 0.064212 seconds 
  Import took 0.067574 seconds .

========================================================================
Received Import Request.
  Time since last request: 0.000308 seconds.
  path: Assets/Creator Kit - FPS/Prefabs/Rooms/StomachRoom.prefab
  artifactKey: Guid(4cbb64337ca003c4d831290a0e9f461e) Importer(815301076,1909f56bfc062723c751e8b465ee728b)
Start importing Assets/Creator Kit - FPS/Prefabs/Rooms/StomachRoom.prefab using Guid(4cbb64337ca003c4d831290a0e9f461e) Importer(815301076,1909f56bfc062723c751e8b465ee728b)  -> (artifact id: '3897a722f0eee780e8887c755550f5c3') in 0.066939 seconds 
  Import took 0.071410 seconds .

========================================================================
Received Import Request.
  Time since last request: 0.000293 seconds.
  path: Assets/Creator Kit - FPS/Art/Prefabs/Props/FatSide.prefab
  artifactKey: Guid(f3da781dc3ddae64d8fc4610e2085564) Importer(815301076,1909f56bfc062723c751e8b465ee728b)
Start importing Assets/Creator Kit - FPS/Art/Prefabs/Props/FatSide.prefab using Guid(f3da781dc3ddae64d8fc4610e2085564) Importer(815301076,1909f56bfc062723c751e8b465ee728b)  -> (artifact id: '8b49283e4b07bc003fe3eac3ebec8549') in 0.039660 seconds 
  Import took 0.043970 seconds .

========================================================================
Received Import Request.
  Time since last request: 0.000287 seconds.
  path: Assets/Creator Kit - FPS/Prefabs/Weapons/PillProjectile.prefab
  artifactKey: Guid(4cfffa2f875e16444a1aa80acb915297) Importer(815301076,1909f56bfc062723c751e8b465ee728b)
Start importing Assets/Creator Kit - FPS/Prefabs/Weapons/PillProjectile.prefab using Guid(4cfffa2f875e16444a1aa80acb915297) Importer(815301076,1909f56bfc062723c751e8b465ee728b)  -> (artifact id: '7ae21f561d6a84ee4a13d8fceee42bdc') in 0.033254 seconds 
  Import took 0.038983 seconds .

========================================================================
Received Import Request.
  Time since last request: 0.000290 seconds.
  path: Assets/Creator Kit - FPS/Art/Prefabs/Props/ToothMolar3.prefab
  artifactKey: Guid(79f715a7254260f4cb263c5b6a1a9c3c) Importer(815301076,1909f56bfc062723c751e8b465ee728b)
Start importing Assets/Creator Kit - FPS/Art/Prefabs/Props/ToothMolar3.prefab using Guid(79f715a7254260f4cb263c5b6a1a9c3c) Importer(815301076,1909f56bfc062723c751e8b465ee728b)  -> (artifact id: 'fe3b2e0762635361745364a2a4e795b8') in 0.030758 seconds 
  Import took 0.034146 seconds .

========================================================================
Received Import Request.
  Time since last request: 0.000342 seconds.
  path: Assets/Creator Kit - FPS/Art/Prefabs/Props/Bone01.prefab
  artifactKey: Guid(8a0509da488e18e41bf5b29cb6422b27) Importer(815301076,1909f56bfc062723c751e8b465ee728b)
Start importing Assets/Creator Kit - FPS/Art/Prefabs/Props/Bone01.prefab using Guid(8a0509da488e18e41bf5b29cb6422b27) Importer(815301076,1909f56bfc062723c751e8b465ee728b)  -> (artifact id: 'babe9b4e650026fd6f41663411e0c0ea') in 0.020566 seconds 
  Import took 0.023637 seconds .

========================================================================
Received Import Request.
  Time since last request: 0.000255 seconds.
  path: Assets/Creator Kit - FPS/Art/Prefabs/VFX/Trail.prefab
  artifactKey: Guid(bc513dca9b359aa49aac8365c74ad13d) Importer(815301076,1909f56bfc062723c751e8b465ee728b)
Start importing Assets/Creator Kit - FPS/Art/Prefabs/VFX/Trail.prefab using Guid(bc513dca9b359aa49aac8365c74ad13d) Importer(815301076,1909f56bfc062723c751e8b465ee728b)  -> (artifact id: 'fffcf5e2edc7d0868c2e2dc9a082d727') in 0.040231 seconds 
  Import took 0.044587 seconds .

========================================================================
Received Import Request.
  Time since last request: 0.000293 seconds.
  path: Assets/Creator Kit - FPS/Art/Prefabs/Props/ToothMolar4.prefab
  artifactKey: Guid(d184a8f503c347b4b9e8e5d5f816ef53) Importer(815301076,1909f56bfc062723c751e8b465ee728b)
Start importing Assets/Creator Kit - FPS/Art/Prefabs/Props/ToothMolar4.prefab using Guid(d184a8f503c347b4b9e8e5d5f816ef53) Importer(815301076,1909f56bfc062723c751e8b465ee728b)  -> (artifact id: 'e919c331ffe15e0fd1a3efa24c94ee75') in 0.021687 seconds 
  Import took 0.025633 seconds .

========================================================================
Received Import Request.
  Time since last request: 0.000938 seconds.
  path: Assets/Creator Kit - FPS/Art/Prefabs/Props/ToothMolarGold.prefab
  artifactKey: Guid(da8d4734e4960124d94e80bf3b24e790) Importer(815301076,1909f56bfc062723c751e8b465ee728b)
Start importing Assets/Creator Kit - FPS/Art/Prefabs/Props/ToothMolarGold.prefab using Guid(da8d4734e4960124d94e80bf3b24e790) Importer(815301076,1909f56bfc062723c751e8b465ee728b)  -> (artifact id: '5a1b35029ab722ac31059fddeab8a387') in 0.021410 seconds 
  Import took 0.026282 seconds .

========================================================================
Received Import Request.
  Time since last request: 0.000231 seconds.
  path: Assets/Creator Kit - FPS/Art/Prefabs/VFX/GoopSpray.prefab
  artifactKey: Guid(5656e7ea1f1a75d4c895547ec2b824b3) Importer(815301076,1909f56bfc062723c751e8b465ee728b)
Start importing Assets/Creator Kit - FPS/Art/Prefabs/VFX/GoopSpray.prefab using Guid(5656e7ea1f1a75d4c895547ec2b824b3) Importer(815301076,1909f56bfc062723c751e8b465ee728b)  -> (artifact id: 'a3824a8b53bee017640500086615c37f') in 1.854958 seconds 
  Import took 1.858741 seconds .

========================================================================
Received Import Request.
  Time since last request: 0.000474 seconds.
  path: Assets/Creator Kit - FPS/Prefabs/Systems/WorldAudioPool.prefab
  artifactKey: Guid(e89f11f0f3be4554f9832feee06f5cfd) Importer(815301076,1909f56bfc062723c751e8b465ee728b)
Start importing Assets/Creator Kit - FPS/Prefabs/Systems/WorldAudioPool.prefab using Guid(e89f11f0f3be4554f9832feee06f5cfd) Importer(815301076,1909f56bfc062723c751e8b465ee728b)  -> (artifact id: '52bcb0b4f09a64e179fc2ba0b14c0198') in 0.008924 seconds 
  Import took 0.011841 seconds .

========================================================================
Received Import Request.
  Time since last request: 0.000278 seconds.
  path: Assets/Creator Kit - FPS/Art/Prefabs/Props/VeinLargeA.prefab
  artifactKey: Guid(f8c74211d2b839f4fb26a872aa512b08) Importer(815301076,1909f56bfc062723c751e8b465ee728b)
Start importing Assets/Creator Kit - FPS/Art/Prefabs/Props/VeinLargeA.prefab using Guid(f8c74211d2b839f4fb26a872aa512b08) Importer(815301076,1909f56bfc062723c751e8b465ee728b)  -> (artifact id: '55596e539f2c88989586aac173f050f1') in 0.044327 seconds 
  Import took 0.048256 seconds .

========================================================================
Received Import Request.
  Time since last request: 0.000254 seconds.
  path: Assets/Creator Kit - FPS/Art/Prefabs/Props/VeinLargeB.prefab
  artifactKey: Guid(7b65f713d4ec1fc4e9f3d5d1c5be2108) Importer(815301076,1909f56bfc062723c751e8b465ee728b)
Start importing Assets/Creator Kit - FPS/Art/Prefabs/Props/VeinLargeB.prefab using Guid(7b65f713d4ec1fc4e9f3d5d1c5be2108) Importer(815301076,1909f56bfc062723c751e8b465ee728b)  -> (artifact id: '7792b3a41085bdbff95cbd3bfaab2496') in 0.046888 seconds 
  Import took 0.050318 seconds .

========================================================================
Received Import Request.
  Time since last request: 0.000267 seconds.
  path: Assets/Creator Kit - FPS/Art/Prefabs/Props/Vein2.prefab
  artifactKey: Guid(3103a4bb94f6af24dbd859133ea1d799) Importer(815301076,1909f56bfc062723c751e8b465ee728b)
Start importing Assets/Creator Kit - FPS/Art/Prefabs/Props/Vein2.prefab using Guid(3103a4bb94f6af24dbd859133ea1d799) Importer(815301076,1909f56bfc062723c751e8b465ee728b)  -> (artifact id: '42b385f800d8726fb0bebd64093d9d2a') in 0.048462 seconds 
  Import took 0.053270 seconds .

========================================================================
Received Import Request.
  Time since last request: 0.000520 seconds.
  path: Assets/Creator Kit - FPS/Art/Prefabs/Props/VeinLargeD.prefab
  artifactKey: Guid(5ac4102516b6d024393bec334e86412a) Importer(815301076,1909f56bfc062723c751e8b465ee728b)
Start importing Assets/Creator Kit - FPS/Art/Prefabs/Props/VeinLargeD.prefab using Guid(5ac4102516b6d024393bec334e86412a) Importer(815301076,1909f56bfc062723c751e8b465ee728b)  -> (artifact id: '9fb9e98b9b142d2043de447968c31175') in 0.040418 seconds 
  Import took 0.043623 seconds .

========================================================================
Received Import Request.
  Time since last request: 0.000301 seconds.
  path: Assets/Creator Kit - FPS/Art/Prefabs/Props/Vein3.prefab
  artifactKey: Guid(4dfc99b2e1fca64429dcd00a1e9f1729) Importer(815301076,1909f56bfc062723c751e8b465ee728b)
Start importing Assets/Creator Kit - FPS/Art/Prefabs/Props/Vein3.prefab using Guid(4dfc99b2e1fca64429dcd00a1e9f1729) Importer(815301076,1909f56bfc062723c751e8b465ee728b)  -> (artifact id: '4cd63003c1638a970fc26849f724aebe') in 0.042381 seconds 
  Import took 0.046090 seconds .

========================================================================
Received Import Request.
  Time since last request: 0.001064 seconds.
  path: Assets/Creator Kit - FPS/Prefabs/Rooms/CorridorLong.prefab
  artifactKey: Guid(b839185e8530797479d5b4df13785446) Importer(815301076,1909f56bfc062723c751e8b465ee728b)
Start importing Assets/Creator Kit - FPS/Prefabs/Rooms/CorridorLong.prefab using Guid(b839185e8530797479d5b4df13785446) Importer(815301076,1909f56bfc062723c751e8b465ee728b)  -> (artifact id: '71ce960df331b3caef22c7f47c6f1e79') in 0.058664 seconds 
  Import took 0.063064 seconds .

========================================================================
Received Import Request.
  Time since last request: 0.000287 seconds.
  path: Assets/Creator Kit - FPS/Prefabs/UI/AmmoCanvas.prefab
  artifactKey: Guid(278b664212d79401587c44e39c1420cb) Importer(815301076,1909f56bfc062723c751e8b465ee728b)
Start importing Assets/Creator Kit - FPS/Prefabs/UI/AmmoCanvas.prefab using Guid(278b664212d79401587c44e39c1420cb) Importer(815301076,1909f56bfc062723c751e8b465ee728b)  -> (artifact id: 'c6a638f63da7342f776c6c8537f7a01e') in 0.013328 seconds 
  Import took 0.016814 seconds .

========================================================================
Received Import Request.
  Time since last request: 0.000363 seconds.
  path: Assets/Creator Kit - FPS/Prefabs/UI/GameUI.prefab
  artifactKey: Guid(42a0ddb40af1b4a4bab43ed3db529ef5) Importer(815301076,1909f56bfc062723c751e8b465ee728b)
Start importing Assets/Creator Kit - FPS/Prefabs/UI/GameUI.prefab using Guid(42a0ddb40af1b4a4bab43ed3db529ef5) Importer(815301076,1909f56bfc062723c751e8b465ee728b)  -> (artifact id: '79613fd9ed77f3b283b0347b5e8b01c1') in 0.019485 seconds 
  Import took 0.023688 seconds .

========================================================================
Received Import Request.
  Time since last request: 0.000234 seconds.
  path: Assets/Creator Kit - FPS/Art/Prefabs/Props/VeinLargeE.prefab
  artifactKey: Guid(a69f4bad11f421e419b8cb5341767af6) Importer(815301076,1909f56bfc062723c751e8b465ee728b)
Start importing Assets/Creator Kit - FPS/Art/Prefabs/Props/VeinLargeE.prefab using Guid(a69f4bad11f421e419b8cb5341767af6) Importer(815301076,1909f56bfc062723c751e8b465ee728b)  -> (artifact id: '1b3c2ed3185524c0b10ce3523b69a782') in 0.043553 seconds 
  Import took 0.048020 seconds .

========================================================================
Received Import Request.
  Time since last request: 0.000468 seconds.
  path: Assets/Creator Kit - FPS/Prefabs/Rooms/CorridorCorner.prefab
  artifactKey: Guid(0cd31afd7f54bbc4183a5847d566e3d6) Importer(815301076,1909f56bfc062723c751e8b465ee728b)
Start importing Assets/Creator Kit - FPS/Prefabs/Rooms/CorridorCorner.prefab using Guid(0cd31afd7f54bbc4183a5847d566e3d6) Importer(815301076,1909f56bfc062723c751e8b465ee728b)  -> (artifact id: '30caf5c75763d4e3218bb0d47cc5aceb') in 0.071462 seconds 
  Import took 0.075892 seconds .

========================================================================
Received Import Request.
  Time since last request: 0.000372 seconds.
  path: Assets/Creator Kit - FPS/Art/Prefabs/Props/Vein1.prefab
  artifactKey: Guid(ad479ad88f34f9047846c99a52d23742) Importer(815301076,1909f56bfc062723c751e8b465ee728b)
Start importing Assets/Creator Kit - FPS/Art/Prefabs/Props/Vein1.prefab using Guid(ad479ad88f34f9047846c99a52d23742) Importer(815301076,1909f56bfc062723c751e8b465ee728b)  -> (artifact id: 'a30a09775cc9cd82583e8577c7dfc26a') in 0.036407 seconds 
  Import took 0.039392 seconds .

========================================================================
Received Import Request.
  Time since last request: 0.000310 seconds.
  path: Assets/Creator Kit - FPS/Art/Prefabs/Props/Vein4.prefab
  artifactKey: Guid(ab218c60cbf80d148adfc67bbf9e245a) Importer(815301076,1909f56bfc062723c751e8b465ee728b)
Start importing Assets/Creator Kit - FPS/Art/Prefabs/Props/Vein4.prefab using Guid(ab218c60cbf80d148adfc67bbf9e245a) Importer(815301076,1909f56bfc062723c751e8b465ee728b)  -> (artifact id: 'd0b2eb0313e8887bdd89e62caf7eabf9') in 0.039931 seconds 
  Import took 0.044060 seconds .

========================================================================
Received Import Request.
  Time since last request: 0.000337 seconds.
  path: Assets/Creator Kit - FPS/Art/Prefabs/ImpactEffect/ImpactParticleRed.prefab
  artifactKey: Guid(8295112e583865641840c18d2a36dae2) Importer(815301076,1909f56bfc062723c751e8b465ee728b)
Start importing Assets/Creator Kit - FPS/Art/Prefabs/ImpactEffect/ImpactParticleRed.prefab using Guid(8295112e583865641840c18d2a36dae2) Importer(815301076,1909f56bfc062723c751e8b465ee728b)  -> (artifact id: '304fd5fce406f56305a16f8031d2d10a') in 0.018760 seconds 
  Import took 0.022794 seconds .

========================================================================
Received Import Request.
  Time since last request: 0.000401 seconds.
  path: Assets/Creator Kit - FPS/Prefabs/Weapons/Pill.prefab
  artifactKey: Guid(4f2e46d4d4842c849a745f6e82991e57) Importer(815301076,1909f56bfc062723c751e8b465ee728b)
Start importing Assets/Creator Kit - FPS/Prefabs/Weapons/Pill.prefab using Guid(4f2e46d4d4842c849a745f6e82991e57) Importer(815301076,1909f56bfc062723c751e8b465ee728b)  -> (artifact id: '118ef0623cfba05ab08fce4f40dd421a') in 0.045335 seconds 
  Import took 0.050742 seconds .

========================================================================
Received Import Request.
  Time since last request: 0.000422 seconds.
  path: Assets/Creator Kit - FPS/Prefabs/Rooms/BrainRoom.prefab
  artifactKey: Guid(b79abcb9ee326264694320b336aa66c6) Importer(815301076,1909f56bfc062723c751e8b465ee728b)
Start importing Assets/Creator Kit - FPS/Prefabs/Rooms/BrainRoom.prefab using Guid(b79abcb9ee326264694320b336aa66c6) Importer(815301076,1909f56bfc062723c751e8b465ee728b)  -> (artifact id: '6b412ad107a2911b3c0f552da314f845') in 0.070126 seconds 
  Import took 0.073458 seconds .

========================================================================
Received Import Request.
  Time since last request: 0.000333 seconds.
  path: Assets/Creator Kit - FPS/Prefabs/Rooms/CorridorCube.prefab
  artifactKey: Guid(0ad9d83713f843f4a8daec984ea1f0e3) Importer(815301076,1909f56bfc062723c751e8b465ee728b)
Start importing Assets/Creator Kit - FPS/Prefabs/Rooms/CorridorCube.prefab using Guid(0ad9d83713f843f4a8daec984ea1f0e3) Importer(815301076,1909f56bfc062723c751e8b465ee728b)  -> (artifact id: '1b5ffcade05743445bb9045ad30603da') in 0.059403 seconds 
  Import took 0.062522 seconds .

========================================================================
Received Import Request.
  Time since last request: 0.000274 seconds.
  path: Assets/Creator Kit - FPS/Art/Prefabs/Props/FatArch.prefab
  artifactKey: Guid(5f0bee8413a72064599464271763b1b4) Importer(815301076,1909f56bfc062723c751e8b465ee728b)
Start importing Assets/Creator Kit - FPS/Art/Prefabs/Props/FatArch.prefab using Guid(5f0bee8413a72064599464271763b1b4) Importer(815301076,1909f56bfc062723c751e8b465ee728b)  -> (artifact id: '2e4b0c242e3d76dbf5adac4bcf9e4cf7') in 0.024063 seconds 
  Import took 0.027262 seconds .

========================================================================
Received Import Request.
  Time since last request: 0.000252 seconds.
  path: Assets/Creator Kit - FPS/Art/Prefabs/Props/VeinLargeC.prefab
  artifactKey: Guid(6c33ff8de3f090441bf47998eea943b0) Importer(815301076,1909f56bfc062723c751e8b465ee728b)
Start importing Assets/Creator Kit - FPS/Art/Prefabs/Props/VeinLargeC.prefab using Guid(6c33ff8de3f090441bf47998eea943b0) Importer(815301076,1909f56bfc062723c751e8b465ee728b)  -> (artifact id: 'dfb6a16ddd743f0b58ad6a1ae495b390') in 0.045481 seconds 
  Import took 0.048885 seconds .

========================================================================
Received Import Request.
  Time since last request: 0.000330 seconds.
  path: Assets/Creator Kit - FPS/Prefabs/Systems/Character.prefab
  artifactKey: Guid(6ca000ead671ebe449deb210e0a19be8) Importer(815301076,1909f56bfc062723c751e8b465ee728b)
Start importing Assets/Creator Kit - FPS/Prefabs/Systems/Character.prefab using Guid(6ca000ead671ebe449deb210e0a19be8) Importer(815301076,1909f56bfc062723c751e8b465ee728b)  -> (artifact id: 'd39fa38aebbe443b198a773e0757e2f9') in 0.106813 seconds 
  Import took 0.113126 seconds .

========================================================================
Received Import Request.
  Time since last request: 0.000370 seconds.
  path: Assets/Creator Kit - FPS/Prefabs/Door and Key/FatBLob.prefab
  artifactKey: Guid(d26356071d092484f9b68a18937abd19) Importer(815301076,1909f56bfc062723c751e8b465ee728b)
Start importing Assets/Creator Kit - FPS/Prefabs/Door and Key/FatBLob.prefab using Guid(d26356071d092484f9b68a18937abd19) Importer(815301076,1909f56bfc062723c751e8b465ee728b)  -> (artifact id: 'ab2c4e1853ee23c0b6e618cbdc597955') in 0.201021 seconds 
  Import took 0.205045 seconds .

========================================================================
Received Import Request.
  Time since last request: 0.000331 seconds.
  path: Assets/Creator Kit - FPS/Prefabs/Systems/ImpactManager.prefab
  artifactKey: Guid(6e539a2d1020c524baa9744c04b7f085) Importer(815301076,1909f56bfc062723c751e8b465ee728b)
Start importing Assets/Creator Kit - FPS/Prefabs/Systems/ImpactManager.prefab using Guid(6e539a2d1020c524baa9744c04b7f085) Importer(815301076,1909f56bfc062723c751e8b465ee728b)  -> (artifact id: 'ca20a762c5fc888a0056cd43a5976a7e') in 0.017329 seconds 
  Import took 0.025044 seconds .

========================================================================
Received Import Request.
  Time since last request: 0.000693 seconds.
  path: Assets/Creator Kit - FPS/Prefabs/Weapons/GermOBlaster.prefab
  artifactKey: Guid(a7112150bc902aa40a065439ad698c01) Importer(815301076,1909f56bfc062723c751e8b465ee728b)
Start importing Assets/Creator Kit - FPS/Prefabs/Weapons/GermOBlaster.prefab using Guid(a7112150bc902aa40a065439ad698c01) Importer(815301076,1909f56bfc062723c751e8b465ee728b)  -> (artifact id: 'ef77ad27689881da2230f0f83cfe4361') in 0.072784 seconds 
  Import took 0.079906 seconds .

========================================================================
Received Import Request.
  Time since last request: 0.000295 seconds.
  path: Packages/com.unity.xr.legacyinputhelpers/Prefabs/XRRig.prefab
  artifactKey: Guid(c116b7497ab8ca34c9188965d4295e27) Importer(815301076,1909f56bfc062723c751e8b465ee728b)
Start importing Packages/com.unity.xr.legacyinputhelpers/Prefabs/XRRig.prefab using Guid(c116b7497ab8ca34c9188965d4295e27) Importer(815301076,1909f56bfc062723c751e8b465ee728b)  -> (artifact id: '53e5402df3ba6997afeb4e074ac5eb80') in 0.014966 seconds 
  Import took 0.019363 seconds .

========================================================================
Received Import Request.
  Time since last request: 0.000358 seconds.
  path: Assets/Creator Kit - FPS/Art/Prefabs/VFX/LightParticles.prefab
  artifactKey: Guid(3f1ddb7022225814aaa00dc7e4ebbfcf) Importer(815301076,1909f56bfc062723c751e8b465ee728b)
Start importing Assets/Creator Kit - FPS/Art/Prefabs/VFX/LightParticles.prefab using Guid(3f1ddb7022225814aaa00dc7e4ebbfcf) Importer(815301076,1909f56bfc062723c751e8b465ee728b)  -> (artifact id: '524818ba8ddf8a37b389fd333e7a6984') in 0.021850 seconds 
  Import took 0.026946 seconds .

========================================================================
Received Prepare
Registering precompiled user dll's ...
Registered in 0.005868 seconds.
Begin MonoManager ReloadAssembly
Native extension for WindowsStandalone target not found
Refreshing native plugins compatible for Editor in 0.56 ms, found 2 plugins.
Preloading 0 native plugins for Editor in 0.00 ms.
Mono: successfully reloaded assembly
- Completed reload, in  0.811 seconds
Domain Reload Profiling:
	ReloadAssembly (811ms)
		BeginReloadAssembly (97ms)
			ExecutionOrderSort (0ms)
			DisableScriptedObjects (5ms)
			BackupInstance (0ms)
			ReleaseScriptingObjects (0ms)
			CreateAndSetChildDomain (33ms)
		EndReloadAssembly (669ms)
			LoadAssemblies (78ms)
			RebuildTransferFunctionScriptingTraits (0ms)
			SetupTypeCache (224ms)
			ReleaseScriptCaches (2ms)
			RebuildScriptCaches (39ms)
			SetupLoadedEditorAssemblies (250ms)
				LogAssemblyErrors (0ms)
				InitializePlatformSupportModulesInManaged (4ms)
				SetLoadedEditorAssemblies (0ms)
				RefreshPlugins (1ms)
				BeforeProcessingInitializeOnLoad (67ms)
				ProcessInitializeOnLoadAttributes (166ms)
				ProcessInitializeOnLoadMethodAttributes (10ms)
				AfterProcessingInitializeOnLoad (1ms)
				EditorAssembliesLoaded (0ms)
			ExecutionOrderSort2 (0ms)
			AwakeInstancesAfterBackupRestoration (6ms)
Platform modules already initialized, skipping
Refreshing native plugins compatible for Editor in 0.50 ms, found 2 plugins.
Preloading 0 native plugins for Editor in 0.00 ms.
Unloading 1937 Unused Serialized files (Serialized files now loaded: 0)
System memory in use before: 177.0 MB.
System memory in use after: 177.1 MB.

Unloading 36 unused Assets to reduce memory usage. Loaded Objects now: 2429.
Total: 2.178700 ms (FindLiveObjects: 0.110200 ms CreateObjectMapping: 0.039500 ms MarkObjects: 1.964600 ms  DeleteObjects: 0.063700 ms)

AssetImportParameters requested are different than current active one (requested -> active):
  custom:framework-win-MediaFoundation: 216162199b28c13a410421893ffa2e32 -> 
  custom:video-decoder-ogg-theora: a1e56fd34408186e4bbccfd4996cb3dc -> 
  custom:container-muxer-webm: aa71ff27fc2769a1b78a27578f13a17b -> 
  custom:container-demuxer-webm: 4f35f7cbe854078d1ac9338744f61a02 -> 
  custom:container-demuxer-ogg: 62fdf1f143b41e24485cea50d1cbac27 -> 
  custom:video-encoder-webm-vp8: eb34c28f22e8b96e1ab97ce403110664 -> 
  custom:video-decoder-webm-vp8: 9c59270c3fd7afecdb556c50c9e8de78 -> 
  custom:audio-decoder-ogg-vorbis: bf7c407c2cedff20999df2af8eb42d56 -> 
  custom:audio-encoder-webm-vorbis: bf7c407c2cedff20999df2af8eb42d56 -> 
========================================================================
Received Import Request.
  Time since last request: 235.350563 seconds.
  path: Assets/Creator Kit - FPS/Prefabs/Targets/GermSpike.prefab
  artifactKey: Guid(b1f5109717f88e342b28b76f12c1c4fc) Importer(815301076,1909f56bfc062723c751e8b465ee728b)
Start importing Assets/Creator Kit - FPS/Prefabs/Targets/GermSpike.prefab using Guid(b1f5109717f88e342b28b76f12c1c4fc) Importer(815301076,1909f56bfc062723c751e8b465ee728b)  -> (artifact id: '4514a807d811043333edd84a33599613') in 0.069897 seconds 
  Import took 0.073131 seconds .

========================================================================
Received Prepare
Registering precompiled user dll's ...
Registered in 0.004998 seconds.
Begin MonoManager ReloadAssembly
Native extension for WindowsStandalone target not found
Refreshing native plugins compatible for Editor in 0.57 ms, found 2 plugins.
Preloading 0 native plugins for Editor in 0.00 ms.
Mono: successfully reloaded assembly
- Completed reload, in  0.797 seconds
Domain Reload Profiling:
	ReloadAssembly (798ms)
		BeginReloadAssembly (97ms)
			ExecutionOrderSort (0ms)
			DisableScriptedObjects (5ms)
			BackupInstance (0ms)
			ReleaseScriptingObjects (0ms)
			CreateAndSetChildDomain (30ms)
		EndReloadAssembly (655ms)
			LoadAssemblies (73ms)
			RebuildTransferFunctionScriptingTraits (0ms)
			SetupTypeCache (224ms)
			ReleaseScriptCaches (1ms)
			RebuildScriptCaches (36ms)
			SetupLoadedEditorAssemblies (247ms)
				LogAssemblyErrors (0ms)
				InitializePlatformSupportModulesInManaged (4ms)
				SetLoadedEditorAssemblies (0ms)
				RefreshPlugins (1ms)
				BeforeProcessingInitializeOnLoad (72ms)
				ProcessInitializeOnLoadAttributes (158ms)
				ProcessInitializeOnLoadMethodAttributes (10ms)
				AfterProcessingInitializeOnLoad (2ms)
				EditorAssembliesLoaded (0ms)
			ExecutionOrderSort2 (0ms)
			AwakeInstancesAfterBackupRestoration (6ms)
Platform modules already initialized, skipping
Refreshing native plugins compatible for Editor in 0.52 ms, found 2 plugins.
Preloading 0 native plugins for Editor in 0.00 ms.
Unloading 1937 Unused Serialized files (Serialized files now loaded: 0)
System memory in use before: 177.0 MB.
System memory in use after: 177.1 MB.

Unloading 34 unused Assets to reduce memory usage. Loaded Objects now: 2432.
Total: 2.238600 ms (FindLiveObjects: 0.110600 ms CreateObjectMapping: 0.039500 ms MarkObjects: 2.051800 ms  DeleteObjects: 0.035900 ms)

AssetImportParameters requested are different than current active one (requested -> active):
  custom:framework-win-MediaFoundation: 216162199b28c13a410421893ffa2e32 -> 
  custom:video-decoder-ogg-theora: a1e56fd34408186e4bbccfd4996cb3dc -> 
  custom:container-muxer-webm: aa71ff27fc2769a1b78a27578f13a17b -> 
  custom:container-demuxer-webm: 4f35f7cbe854078d1ac9338744f61a02 -> 
  custom:container-demuxer-ogg: 62fdf1f143b41e24485cea50d1cbac27 -> 
  custom:video-encoder-webm-vp8: eb34c28f22e8b96e1ab97ce403110664 -> 
  custom:video-decoder-webm-vp8: 9c59270c3fd7afecdb556c50c9e8de78 -> 
  custom:audio-decoder-ogg-vorbis: bf7c407c2cedff20999df2af8eb42d56 -> 
  custom:audio-encoder-webm-vorbis: bf7c407c2cedff20999df2af8eb42d56 -> 
========================================================================
Received Prepare
Registering precompiled user dll's ...
Registered in 0.007862 seconds.
Begin MonoManager ReloadAssembly
Native extension for WindowsStandalone target not found
Refreshing native plugins compatible for Editor in 1.33 ms, found 2 plugins.
Preloading 0 native plugins for Editor in 0.00 ms.
Mono: successfully reloaded assembly
- Completed reload, in  0.845 seconds
Domain Reload Profiling:
	ReloadAssembly (846ms)
		BeginReloadAssembly (107ms)
			ExecutionOrderSort (0ms)
			DisableScriptedObjects (6ms)
			BackupInstance (0ms)
			ReleaseScriptingObjects (0ms)
			CreateAndSetChildDomain (40ms)
		EndReloadAssembly (685ms)
			LoadAssemblies (79ms)
			RebuildTransferFunctionScriptingTraits (0ms)
			SetupTypeCache (238ms)
			ReleaseScriptCaches (1ms)
			RebuildScriptCaches (36ms)
			SetupLoadedEditorAssemblies (258ms)
				LogAssemblyErrors (0ms)
				InitializePlatformSupportModulesInManaged (5ms)
				SetLoadedEditorAssemblies (1ms)
				RefreshPlugins (1ms)
				BeforeProcessingInitializeOnLoad (71ms)
				ProcessInitializeOnLoadAttributes (165ms)
				ProcessInitializeOnLoadMethodAttributes (12ms)
				AfterProcessingInitializeOnLoad (2ms)
				EditorAssembliesLoaded (0ms)
			ExecutionOrderSort2 (0ms)
			AwakeInstancesAfterBackupRestoration (5ms)
Platform modules already initialized, skipping
Refreshing native plugins compatible for Editor in 0.57 ms, found 2 plugins.
Preloading 0 native plugins for Editor in 0.00 ms.
Unloading 1937 Unused Serialized files (Serialized files now loaded: 0)
System memory in use before: 177.0 MB.
System memory in use after: 177.1 MB.

Unloading 34 unused Assets to reduce memory usage. Loaded Objects now: 2434.
Total: 2.676800 ms (FindLiveObjects: 0.249900 ms CreateObjectMapping: 0.101700 ms MarkObjects: 2.302400 ms  DeleteObjects: 0.021600 ms)

AssetImportParameters requested are different than current active one (requested -> active):
  custom:framework-win-MediaFoundation: 216162199b28c13a410421893ffa2e32 -> 
  custom:video-decoder-ogg-theora: a1e56fd34408186e4bbccfd4996cb3dc -> 
  custom:container-muxer-webm: aa71ff27fc2769a1b78a27578f13a17b -> 
  custom:container-demuxer-webm: 4f35f7cbe854078d1ac9338744f61a02 -> 
  custom:container-demuxer-ogg: 62fdf1f143b41e24485cea50d1cbac27 -> 
  custom:video-encoder-webm-vp8: eb34c28f22e8b96e1ab97ce403110664 -> 
  custom:video-decoder-webm-vp8: 9c59270c3fd7afecdb556c50c9e8de78 -> 
  custom:audio-decoder-ogg-vorbis: bf7c407c2cedff20999df2af8eb42d56 -> 
  custom:audio-encoder-webm-vorbis: bf7c407c2cedff20999df2af8eb42d56 -> 
========================================================================
Received Prepare
Registering precompiled user dll's ...
Registered in 0.009215 seconds.
Begin MonoManager ReloadAssembly
Native extension for WindowsStandalone target not found
Refreshing native plugins compatible for Editor in 0.60 ms, found 2 plugins.
Preloading 0 native plugins for Editor in 0.00 ms.
Mono: successfully reloaded assembly
- Completed reload, in  0.946 seconds
Domain Reload Profiling:
	ReloadAssembly (949ms)
		BeginReloadAssembly (159ms)
			ExecutionOrderSort (0ms)
			DisableScriptedObjects (15ms)
			BackupInstance (0ms)
			ReleaseScriptingObjects (0ms)
			CreateAndSetChildDomain (69ms)
		EndReloadAssembly (733ms)
			LoadAssemblies (99ms)
			RebuildTransferFunctionScriptingTraits (0ms)
			SetupTypeCache (244ms)
			ReleaseScriptCaches (1ms)
			RebuildScriptCaches (39ms)
			SetupLoadedEditorAssemblies (273ms)
				LogAssemblyErrors (0ms)
				InitializePlatformSupportModulesInManaged (5ms)
				SetLoadedEditorAssemblies (1ms)
				RefreshPlugins (1ms)
				BeforeProcessingInitializeOnLoad (78ms)
				ProcessInitializeOnLoadAttributes (175ms)
				ProcessInitializeOnLoadMethodAttributes (12ms)
				AfterProcessingInitializeOnLoad (2ms)
				EditorAssembliesLoaded (0ms)
			ExecutionOrderSort2 (0ms)
			AwakeInstancesAfterBackupRestoration (6ms)
Platform modules already initialized, skipping
Refreshing native plugins compatible for Editor in 0.53 ms, found 2 plugins.
Preloading 0 native plugins for Editor in 0.00 ms.
Unloading 1937 Unused Serialized files (Serialized files now loaded: 0)
System memory in use before: 177.0 MB.
System memory in use after: 177.1 MB.

Unloading 34 unused Assets to reduce memory usage. Loaded Objects now: 2436.
Total: 2.795000 ms (FindLiveObjects: 0.199400 ms CreateObjectMapping: 0.055100 ms MarkObjects: 2.486700 ms  DeleteObjects: 0.052700 ms)

AssetImportParameters requested are different than current active one (requested -> active):
  custom:framework-win-MediaFoundation: 216162199b28c13a410421893ffa2e32 -> 
  custom:video-decoder-ogg-theora: a1e56fd34408186e4bbccfd4996cb3dc -> 
  custom:container-muxer-webm: aa71ff27fc2769a1b78a27578f13a17b -> 
  custom:container-demuxer-webm: 4f35f7cbe854078d1ac9338744f61a02 -> 
  custom:container-demuxer-ogg: 62fdf1f143b41e24485cea50d1cbac27 -> 
  custom:video-encoder-webm-vp8: eb34c28f22e8b96e1ab97ce403110664 -> 
  custom:video-decoder-webm-vp8: 9c59270c3fd7afecdb556c50c9e8de78 -> 
  custom:audio-decoder-ogg-vorbis: bf7c407c2cedff20999df2af8eb42d56 -> 
  custom:audio-encoder-webm-vorbis: bf7c407c2cedff20999df2af8eb42d56 -> 
========================================================================
Received Import Request.
  Time since last request: 15720.530174 seconds.
  path: Assets/Creator Kit - FPS/Prefabs/Weapons/GermOBlaster 1.prefab
  artifactKey: Guid(8b83a58918e54ec428d072b9e4f8e624) Importer(815301076,1909f56bfc062723c751e8b465ee728b)
Start importing Assets/Creator Kit - FPS/Prefabs/Weapons/GermOBlaster 1.prefab using Guid(8b83a58918e54ec428d072b9e4f8e624) Importer(815301076,1909f56bfc062723c751e8b465ee728b)  -> (artifact id: '57f23c2608cc7a8b7d45cbc79bdc1685') in 0.134509 seconds 
  Import took 0.139720 seconds .

========================================================================
Received Import Request.
  Time since last request: 21.843472 seconds.
  path: Assets/Creator Kit - FPS/Prefabs/Weapons/GermOBlaster2.prefab
  artifactKey: Guid(8b83a58918e54ec428d072b9e4f8e624) Importer(815301076,1909f56bfc062723c751e8b465ee728b)
Start importing Assets/Creator Kit - FPS/Prefabs/Weapons/GermOBlaster2.prefab using Guid(8b83a58918e54ec428d072b9e4f8e624) Importer(815301076,1909f56bfc062723c751e8b465ee728b)  -> (artifact id: '114347ea231ab6bae6ea0932bf7d97f3') in 0.097105 seconds 
  Import took 0.103084 seconds .

========================================================================
Received Import Request.
  Time since last request: 35.895667 seconds.
  path: Assets/Creator Kit - FPS/Prefabs/Weapons/GermOBlaster2.prefab
  artifactKey: Guid(8b83a58918e54ec428d072b9e4f8e624) Importer(815301076,1909f56bfc062723c751e8b465ee728b)
Start importing Assets/Creator Kit - FPS/Prefabs/Weapons/GermOBlaster2.prefab using Guid(8b83a58918e54ec428d072b9e4f8e624) Importer(815301076,1909f56bfc062723c751e8b465ee728b)  -> (artifact id: '66d93d86e88d4e160016a3458c0fef0c') in 0.064491 seconds 
  Import took 0.069061 seconds .

========================================================================
Received Import Request.
  Time since last request: 12.015577 seconds.
  path: Assets/Creator Kit - FPS/Prefabs/Weapons/GermOBlaster2.prefab
  artifactKey: Guid(8b83a58918e54ec428d072b9e4f8e624) Importer(815301076,1909f56bfc062723c751e8b465ee728b)
Start importing Assets/Creator Kit - FPS/Prefabs/Weapons/GermOBlaster2.prefab using Guid(8b83a58918e54ec428d072b9e4f8e624) Importer(815301076,1909f56bfc062723c751e8b465ee728b)  -> (artifact id: 'ca53ef850f10bf052562171738c69c0f') in 0.054871 seconds 
  Import took 0.058884 seconds .

========================================================================
Received Import Request.
  Time since last request: 37.087800 seconds.
  path: Assets/Creator Kit - FPS/Prefabs/Weapons/GermOBlaster2.prefab
  artifactKey: Guid(8b83a58918e54ec428d072b9e4f8e624) Importer(815301076,1909f56bfc062723c751e8b465ee728b)
Start importing Assets/Creator Kit - FPS/Prefabs/Weapons/GermOBlaster2.prefab using Guid(8b83a58918e54ec428d072b9e4f8e624) Importer(815301076,1909f56bfc062723c751e8b465ee728b)  -> (artifact id: '3869373445214576d9b07a1b22cd4931') in 0.056566 seconds 
  Import took 0.060845 seconds .

========================================================================
Received Prepare
Registering precompiled user dll's ...
Registered in 0.005077 seconds.
Begin MonoManager ReloadAssembly
Native extension for WindowsStandalone target not found
Refreshing native plugins compatible for Editor in 0.61 ms, found 2 plugins.
Preloading 0 native plugins for Editor in 0.00 ms.
Mono: successfully reloaded assembly
- Completed reload, in  0.821 seconds
Domain Reload Profiling:
	ReloadAssembly (821ms)
		BeginReloadAssembly (100ms)
			ExecutionOrderSort (0ms)
			DisableScriptedObjects (5ms)
			BackupInstance (0ms)
			ReleaseScriptingObjects (0ms)
			CreateAndSetChildDomain (27ms)
		EndReloadAssembly (671ms)
			LoadAssemblies (87ms)
			RebuildTransferFunctionScriptingTraits (0ms)
			SetupTypeCache (226ms)
			ReleaseScriptCaches (1ms)
			RebuildScriptCaches (36ms)
			SetupLoadedEditorAssemblies (243ms)
				LogAssemblyErrors (0ms)
				InitializePlatformSupportModulesInManaged (4ms)
				SetLoadedEditorAssemblies (0ms)
				RefreshPlugins (1ms)
				BeforeProcessingInitializeOnLoad (68ms)
				ProcessInitializeOnLoadAttributes (159ms)
				ProcessInitializeOnLoadMethodAttributes (10ms)
				AfterProcessingInitializeOnLoad (2ms)
				EditorAssembliesLoaded (0ms)
			ExecutionOrderSort2 (0ms)
			AwakeInstancesAfterBackupRestoration (5ms)
Platform modules already initialized, skipping
Refreshing native plugins compatible for Editor in 0.50 ms, found 2 plugins.
Preloading 0 native plugins for Editor in 0.00 ms.
Unloading 1937 Unused Serialized files (Serialized files now loaded: 0)
System memory in use before: 177.0 MB.
System memory in use after: 177.2 MB.

Unloading 34 unused Assets to reduce memory usage. Loaded Objects now: 2439.
Total: 2.289600 ms (FindLiveObjects: 0.128900 ms CreateObjectMapping: 0.040700 ms MarkObjects: 2.102600 ms  DeleteObjects: 0.016200 ms)

AssetImportParameters requested are different than current active one (requested -> active):
  custom:framework-win-MediaFoundation: 216162199b28c13a410421893ffa2e32 -> 
  custom:video-decoder-ogg-theora: a1e56fd34408186e4bbccfd4996cb3dc -> 
  custom:container-muxer-webm: aa71ff27fc2769a1b78a27578f13a17b -> 
  custom:container-demuxer-webm: 4f35f7cbe854078d1ac9338744f61a02 -> 
  custom:container-demuxer-ogg: 62fdf1f143b41e24485cea50d1cbac27 -> 
  custom:video-encoder-webm-vp8: eb34c28f22e8b96e1ab97ce403110664 -> 
  custom:video-decoder-webm-vp8: 9c59270c3fd7afecdb556c50c9e8de78 -> 
  custom:audio-decoder-ogg-vorbis: bf7c407c2cedff20999df2af8eb42d56 -> 
  custom:audio-encoder-webm-vorbis: bf7c407c2cedff20999df2af8eb42d56 -> 
========================================================================
Received Prepare
Registering precompiled user dll's ...
Registered in 0.007128 seconds.
Begin MonoManager ReloadAssembly
Native extension for WindowsStandalone target not found
Refreshing native plugins compatible for Editor in 0.56 ms, found 2 plugins.
Preloading 0 native plugins for Editor in 0.00 ms.
Mono: successfully reloaded assembly
- Completed reload, in  0.774 seconds
Domain Reload Profiling:
	ReloadAssembly (774ms)
		BeginReloadAssembly (91ms)
			ExecutionOrderSort (0ms)
			DisableScriptedObjects (5ms)
			BackupInstance (0ms)
			ReleaseScriptingObjects (0ms)
			CreateAndSetChildDomain (26ms)
		EndReloadAssembly (636ms)
			LoadAssemblies (68ms)
			RebuildTransferFunctionScriptingTraits (0ms)
			SetupTypeCache (214ms)
			ReleaseScriptCaches (1ms)
			RebuildScriptCaches (41ms)
			SetupLoadedEditorAssemblies (241ms)
				LogAssemblyErrors (0ms)
				InitializePlatformSupportModulesInManaged (5ms)
				SetLoadedEditorAssemblies (0ms)
				RefreshPlugins (1ms)
				BeforeProcessingInitializeOnLoad (68ms)
				ProcessInitializeOnLoadAttributes (155ms)
				ProcessInitializeOnLoadMethodAttributes (10ms)
				AfterProcessingInitializeOnLoad (2ms)
				EditorAssembliesLoaded (0ms)
			ExecutionOrderSort2 (0ms)
			AwakeInstancesAfterBackupRestoration (5ms)
Platform modules already initialized, skipping
Refreshing native plugins compatible for Editor in 0.50 ms, found 2 plugins.
Preloading 0 native plugins for Editor in 0.00 ms.
Unloading 1937 Unused Serialized files (Serialized files now loaded: 0)
System memory in use before: 177.0 MB.
System memory in use after: 177.2 MB.

Unloading 34 unused Assets to reduce memory usage. Loaded Objects now: 2441.
Total: 2.463700 ms (FindLiveObjects: 0.125600 ms CreateObjectMapping: 0.038400 ms MarkObjects: 2.273500 ms  DeleteObjects: 0.024800 ms)

AssetImportParameters requested are different than current active one (requested -> active):
  custom:framework-win-MediaFoundation: 216162199b28c13a410421893ffa2e32 -> 
  custom:video-decoder-ogg-theora: a1e56fd34408186e4bbccfd4996cb3dc -> 
  custom:container-muxer-webm: aa71ff27fc2769a1b78a27578f13a17b -> 
  custom:container-demuxer-webm: 4f35f7cbe854078d1ac9338744f61a02 -> 
  custom:container-demuxer-ogg: 62fdf1f143b41e24485cea50d1cbac27 -> 
  custom:video-encoder-webm-vp8: eb34c28f22e8b96e1ab97ce403110664 -> 
  custom:video-decoder-webm-vp8: 9c59270c3fd7afecdb556c50c9e8de78 -> 
  custom:audio-decoder-ogg-vorbis: bf7c407c2cedff20999df2af8eb42d56 -> 
  custom:audio-encoder-webm-vorbis: bf7c407c2cedff20999df2af8eb42d56 -> 
========================================================================
Received Prepare
Registering precompiled user dll's ...
Registered in 0.005318 seconds.
Begin MonoManager ReloadAssembly
Native extension for WindowsStandalone target not found
Refreshing native plugins compatible for Editor in 0.50 ms, found 2 plugins.
Preloading 0 native plugins for Editor in 0.00 ms.
Mono: successfully reloaded assembly
- Completed reload, in  0.747 seconds
Domain Reload Profiling:
	ReloadAssembly (747ms)
		BeginReloadAssembly (87ms)
			ExecutionOrderSort (0ms)
			DisableScriptedObjects (5ms)
			BackupInstance (0ms)
			ReleaseScriptingObjects (0ms)
			CreateAndSetChildDomain (24ms)
		EndReloadAssembly (616ms)
			LoadAssemblies (69ms)
			RebuildTransferFunctionScriptingTraits (0ms)
			SetupTypeCache (210ms)
			ReleaseScriptCaches (1ms)
			RebuildScriptCaches (33ms)
			SetupLoadedEditorAssemblies (238ms)
				LogAssemblyErrors (0ms)
				InitializePlatformSupportModulesInManaged (3ms)
				SetLoadedEditorAssemblies (0ms)
				RefreshPlugins (1ms)
				BeforeProcessingInitializeOnLoad (65ms)
				ProcessInitializeOnLoadAttributes (157ms)
				ProcessInitializeOnLoadMethodAttributes (10ms)
				AfterProcessingInitializeOnLoad (1ms)
				EditorAssembliesLoaded (0ms)
			ExecutionOrderSort2 (0ms)
			AwakeInstancesAfterBackupRestoration (5ms)
Platform modules already initialized, skipping
Refreshing native plugins compatible for Editor in 0.50 ms, found 2 plugins.
Preloading 0 native plugins for Editor in 0.00 ms.
Unloading 1937 Unused Serialized files (Serialized files now loaded: 0)
System memory in use before: 177.1 MB.
System memory in use after: 177.2 MB.

Unloading 34 unused Assets to reduce memory usage. Loaded Objects now: 2443.
Total: 2.128500 ms (FindLiveObjects: 0.101900 ms CreateObjectMapping: 0.035800 ms MarkObjects: 1.972500 ms  DeleteObjects: 0.017400 ms)

AssetImportParameters requested are different than current active one (requested -> active):
  custom:framework-win-MediaFoundation: 216162199b28c13a410421893ffa2e32 -> 
  custom:video-decoder-ogg-theora: a1e56fd34408186e4bbccfd4996cb3dc -> 
  custom:container-muxer-webm: aa71ff27fc2769a1b78a27578f13a17b -> 
  custom:container-demuxer-webm: 4f35f7cbe854078d1ac9338744f61a02 -> 
  custom:container-demuxer-ogg: 62fdf1f143b41e24485cea50d1cbac27 -> 
  custom:video-encoder-webm-vp8: eb34c28f22e8b96e1ab97ce403110664 -> 
  custom:video-decoder-webm-vp8: 9c59270c3fd7afecdb556c50c9e8de78 -> 
  custom:audio-decoder-ogg-vorbis: bf7c407c2cedff20999df2af8eb42d56 -> 
  custom:audio-encoder-webm-vorbis: bf7c407c2cedff20999df2af8eb42d56 -> 
AssetImportWorkerClient::OnTransportError - code=2 error=End of file
